Change Component Designator: Old Designator=C2 New Designator=C7
Change Component Designator: Old Designator=C5 New Designator=C1
Change Component Designator: Old Designator=C7 New Designator=C9
Change Component Designator: Old Designator=C8 New Designator=C2
Change Component Designator: Old Designator=C8 New Designator=C3
Change Component Designator: Old Designator=C8 New Designator=C4
Change Component Designator: Old Designator=C8 New Designator=C5
Change Component Designator: Old Designator=C8 New Designator=C6
Change Component Designator: Old Designator=C15 New Designator=C10
Change Component Designator: Old Designator=C16 New Designator=C11
Change Component Designator: Old Designator=C17 New Designator=C12
Change Component Designator: Old Designator=C18 New Designator=C13
Change Component Designator: Old Designator=C19 New Designator=C14
Change Component Designator: Old Designator=CON? New Designator=CON1
Change Component Designator: Old Designator=CON? New Designator=CON2
Change Component Designator: Old Designator=CON? New Designator=CON3
Change Component Designator: Old Designator=D5 New Designator=D2
Change Component Designator: Old Designator=D10 New Designator=D1
Change Component Designator: Old Designator=L3 New Designator=L1
Change Component Designator: Old Designator=R4 New Designator=R1
Change Component Designator: Old Designator=R4 New Designator=R2
Change Component Designator: Old Designator=R4 New Designator=R5
Change Component Designator: Old Designator=R4 New Designator=R6
Change Component Designator: Old Designator=R5 New Designator=R3
Change Component Designator: Old Designator=R6 New Designator=R4
Change Component Designator: Old Designator=R24 New Designator=R7
Change Component Designator: Old Designator=R25 New Designator=R8
Change Component Designator: Old Designator=U5 New Designator=U2
Change Component Designator: Old Designator=U?? New Designator=U1
